<?xml version="1.0" encoding="UTF-8"?>
<!-- Generated by org.testng.reporters.JUnitReportReporter -->
<testsuite hostname="yadhubalans-MacBook-Pro.local" failures="0" tests="1" name="VerifyIncorrectPassword" time="1.547" errors="0" timestamp="2022-08-29T02:31:38 EDT" skipped="0">
  <testcase classname="VerifyIncorrectPassword" name="verifyIncorrectPassword" time="1.547"/>
  <system-out/>
</testsuite> <!-- VerifyIncorrectPassword -->
