<?xml version="1.0" encoding="UTF-8"?>
<!-- Generated by org.testng.reporters.JUnitReportReporter -->
<testsuite hostname="yadhubalans-MacBook-Pro.local" failures="0" tests="1" name="VerifyURL" time="0.099" errors="0" timestamp="2022-08-29T02:31:38 EDT" skipped="0">
  <testcase classname="VerifyURL" name="verifyURL" time="0.099"/>
  <system-out/>
</testsuite> <!-- VerifyURL -->
