<?xml version="1.0" encoding="UTF-8"?>
<!-- Generated by org.testng.reporters.JUnitReportReporter -->
<testsuite hostname="yadhubalans-MacBook-Pro.local" failures="0" tests="1" name="VerifyIncorrectUserName" time="1.165" errors="0" timestamp="2022-08-29T02:31:38 EDT" skipped="0">
  <testcase classname="VerifyIncorrectUserName" name="verifyIncorrectuserName" time="1.165"/>
  <system-out/>
</testsuite> <!-- VerifyIncorrectUserName -->
