<?xml version="1.0" encoding="UTF-8"?>
<!-- Generated by org.testng.reporters.JUnitReportReporter -->
<testsuite hostname="yadhubalans-MacBook-Pro.local" failures="0" tests="1" name="VerifySuccesfullLogin" time="2.918" errors="0" timestamp="2022-08-29T02:31:38 EDT" skipped="0">
  <testcase classname="VerifySuccesfullLogin" name="verifySuccesfulLogin" time="2.918"/>
  <system-out/>
</testsuite> <!-- VerifySuccesfullLogin -->
